{"C:\\Users\\Acer\\OneDrive\\Documents\\coveragex-task\\backend\\src\\app.ts": {"path":"C:\\Users\\Acer\\OneDrive\\Documents\\coveragex-task\\backend\\src\\app.ts","statementMap":{"0":{"start":{"line":2,"column":0},"end":{"line":2,"column":66}},"1":{"start":{"line":3,"column":0},"end":{"line":3,"column":24}},"2":{"start":{"line":4,"column":0},"end":{"line":4,"column":45}},"3":{"start":{"line":6,"column":25},"end":{"line":6,"column":34}},"4":{"start":{"line":9,"column":0},"end":{"line":9,"column":16}},"5":{"start":{"line":10,"column":0},"end":{"line":10,"column":24}},"6":{"start":{"line":13,"column":0},"end":{"line":13,"column":34}},"7":{"start":{"line":16,"column":0},"end":{"line":18,"column":3}},"8":{"start":{"line":17,"column":2},"end":{"line":17,"column":34}},"9":{"start":{"line":20,"column":0},"end":{"line":20,"column":19}}},"fnMap":{"0":{"name":"(anonymous_1)","decl":{"start":{"line":16,"column":13},"end":{"line":16,"column":14}},"loc":{"start":{"line":16,"column":45},"end":{"line":18,"column":1}}}},"branchMap":{},"s":{"0":1,"1":1,"2":1,"3":1,"4":1,"5":1,"6":1,"7":1,"8":0,"9":1},"f":{"0":0},"b":{}}
,"C:\\Users\\Acer\\OneDrive\\Documents\\coveragex-task\\backend\\src\\controller\\taskController.ts": {"path":"C:\\Users\\Acer\\OneDrive\\Documents\\coveragex-task\\backend\\src\\controller\\taskController.ts","statementMap":{"0":{"start":{"line":2,"column":0},"end":{"line":2,"column":30}},"1":{"start":{"line":14,"column":24},"end":{"line":21,"column":1}},"2":{"start":{"line":15,"column":2},"end":{"line":20,"column":3}},"3":{"start":{"line":16,"column":19},"end":{"line":16,"column":115}},"4":{"start":{"line":17,"column":4},"end":{"line":17,"column":19}},"5":{"start":{"line":19,"column":4},"end":{"line":19,"column":49}},"6":{"start":{"line":14,"column":13},"end":{"line":14,"column":24}},"7":{"start":{"line":24,"column":27},"end":{"line":31,"column":1}},"8":{"start":{"line":25,"column":2},"end":{"line":30,"column":3}},"9":{"start":{"line":26,"column":19},"end":{"line":26,"column":80}},"10":{"start":{"line":27,"column":4},"end":{"line":27,"column":19}},"11":{"start":{"line":29,"column":4},"end":{"line":29,"column":49}},"12":{"start":{"line":24,"column":13},"end":{"line":24,"column":27}},"13":{"start":{"line":34,"column":26},"end":{"line":45,"column":1}},"14":{"start":{"line":35,"column":33},"end":{"line":35,"column":84}},"15":{"start":{"line":36,"column":2},"end":{"line":44,"column":3}},"16":{"start":{"line":37,"column":26},"end":{"line":39,"column":null}},"17":{"start":{"line":41,"column":4},"end":{"line":41,"column":79}},"18":{"start":{"line":43,"column":4},"end":{"line":43,"column":49}},"19":{"start":{"line":34,"column":13},"end":{"line":34,"column":26}},"20":{"start":{"line":48,"column":28},"end":{"line":56,"column":1}},"21":{"start":{"line":49,"column":17},"end":{"line":49,"column":27}},"22":{"start":{"line":50,"column":2},"end":{"line":55,"column":3}},"23":{"start":{"line":51,"column":4},"end":{"line":51,"column":77}},"24":{"start":{"line":52,"column":4},"end":{"line":52,"column":44}},"25":{"start":{"line":54,"column":4},"end":{"line":54,"column":49}},"26":{"start":{"line":48,"column":13},"end":{"line":48,"column":28}}},"fnMap":{"0":{"name":"(anonymous_1)","decl":{"start":{"line":14,"column":24},"end":{"line":14,"column":29}},"loc":{"start":{"line":14,"column":77},"end":{"line":21,"column":1}}},"1":{"name":"(anonymous_2)","decl":{"start":{"line":24,"column":27},"end":{"line":24,"column":32}},"loc":{"start":{"line":24,"column":80},"end":{"line":31,"column":1}}},"2":{"name":"(anonymous_3)","decl":{"start":{"line":34,"column":26},"end":{"line":34,"column":31}},"loc":{"start":{"line":34,"column":79},"end":{"line":45,"column":1}}},"3":{"name":"(anonymous_4)","decl":{"start":{"line":48,"column":28},"end":{"line":48,"column":33}},"loc":{"start":{"line":48,"column":81},"end":{"line":56,"column":1}}}},"branchMap":{},"s":{"0":2,"1":2,"2":3,"3":3,"4":2,"5":1,"6":2,"7":2,"8":0,"9":0,"10":0,"11":0,"12":2,"13":2,"14":0,"15":0,"16":0,"17":0,"18":0,"19":2,"20":2,"21":0,"22":0,"23":0,"24":0,"25":0,"26":2},"f":{"0":3,"1":0,"2":0,"3":0},"b":{}}
,"C:\\Users\\Acer\\OneDrive\\Documents\\coveragex-task\\backend\\src\\routes\\taskRoutes.ts": {"path":"C:\\Users\\Acer\\OneDrive\\Documents\\coveragex-task\\backend\\src\\routes\\taskRoutes.ts","statementMap":{"0":{"start":{"line":1,"column":0},"end":{"line":1,"column":42}},"1":{"start":{"line":2,"column":0},"end":{"line":2,"column":82}},"2":{"start":{"line":4,"column":23},"end":{"line":4,"column":39}},"3":{"start":{"line":6,"column":0},"end":{"line":6,"column":26}},"4":{"start":{"line":7,"column":0},"end":{"line":7,"column":29}},"5":{"start":{"line":8,"column":0},"end":{"line":8,"column":42}},"6":{"start":{"line":10,"column":0},"end":{"line":10,"column":22}}},"fnMap":{},"branchMap":{},"s":{"0":1,"1":1,"2":1,"3":1,"4":1,"5":1,"6":1},"f":{},"b":{}}
}
