TN:
SF:src\app.ts
FN:16,(anonymous_1)
FNF:1
FNH:0
FNDA:0,(anonymous_1)
DA:2,1
DA:3,1
DA:4,1
DA:6,1
DA:9,1
DA:10,1
DA:13,1
DA:16,1
DA:17,0
DA:20,1
LF:10
LH:9
BRF:0
BRH:0
end_of_record
TN:
SF:src\controller\taskController.ts
FN:14,(anonymous_1)
FN:24,(anonymous_2)
FN:34,(anonymous_3)
FN:48,(anonymous_4)
FNF:4
FNH:1
FNDA:3,(anonymous_1)
FNDA:0,(anonymous_2)
FNDA:0,(anonymous_3)
FNDA:0,(anonymous_4)
DA:2,2
DA:14,2
DA:15,3
DA:16,3
DA:17,2
DA:19,1
DA:24,2
DA:25,0
DA:26,0
DA:27,0
DA:29,0
DA:34,2
DA:35,0
DA:36,0
DA:37,0
DA:41,0
DA:43,0
DA:48,2
DA:49,0
DA:50,0
DA:51,0
DA:52,0
DA:54,0
LF:23
LH:9
BRF:0
BRH:0
end_of_record
TN:
SF:src\routes\taskRoutes.ts
FNF:0
FNH:0
DA:1,1
DA:2,1
DA:4,1
DA:6,1
DA:7,1
DA:8,1
DA:10,1
LF:7
LH:7
BRF:0
BRH:0
end_of_record
